0 info it worked if it ends with ok
1 verbose cli [ '/usr/bin/node', '/usr/bin/npm', 'install' ]
2 info using npm@1.4.28
3 info using node@v0.10.33
4 verbose node symlink /usr/bin/node
5 verbose readDependencies using package.json deps
6 verbose install where, deps [ '/home/anita/personal/gitrepo/ShoppingCart',
6 verbose install   [ 'express', 'morgan', 'body-parser', 'method-override' ] ]
7 info preinstall Shopping-Cart@0.0.0
8 verbose readDependencies using package.json deps
9 verbose cache add [ 'morgan@~1.2.2', null ]
10 verbose cache add name=undefined spec="morgan@~1.2.2" args=["morgan@~1.2.2",null]
11 verbose parsed url { protocol: null,
11 verbose parsed url   slashes: null,
11 verbose parsed url   auth: null,
11 verbose parsed url   host: null,
11 verbose parsed url   port: null,
11 verbose parsed url   hostname: null,
11 verbose parsed url   hash: null,
11 verbose parsed url   search: null,
11 verbose parsed url   query: null,
11 verbose parsed url   pathname: 'morgan@~1.2.2',
11 verbose parsed url   path: 'morgan@~1.2.2',
11 verbose parsed url   href: 'morgan@~1.2.2' }
12 verbose cache add [ 'body-parser@~1.5.2', null ]
13 verbose cache add name=undefined spec="body-parser@~1.5.2" args=["body-parser@~1.5.2",null]
14 verbose parsed url { protocol: null,
14 verbose parsed url   slashes: null,
14 verbose parsed url   auth: null,
14 verbose parsed url   host: null,
14 verbose parsed url   port: null,
14 verbose parsed url   hostname: null,
14 verbose parsed url   hash: null,
14 verbose parsed url   search: null,
14 verbose parsed url   query: null,
14 verbose parsed url   pathname: 'body-parser@~1.5.2',
14 verbose parsed url   path: 'body-parser@~1.5.2',
14 verbose parsed url   href: 'body-parser@~1.5.2' }
15 verbose cache add [ 'method-override@~2.1.2', null ]
16 verbose cache add name=undefined spec="method-override@~2.1.2" args=["method-override@~2.1.2",null]
17 verbose parsed url { protocol: null,
17 verbose parsed url   slashes: null,
17 verbose parsed url   auth: null,
17 verbose parsed url   host: null,
17 verbose parsed url   port: null,
17 verbose parsed url   hostname: null,
17 verbose parsed url   hash: null,
17 verbose parsed url   search: null,
17 verbose parsed url   query: null,
17 verbose parsed url   pathname: 'method-override@~2.1.2',
17 verbose parsed url   path: 'method-override@~2.1.2',
17 verbose parsed url   href: 'method-override@~2.1.2' }
18 verbose cache add [ 'express@~4.7.2', null ]
19 verbose cache add name=undefined spec="express@~4.7.2" args=["express@~4.7.2",null]
20 verbose parsed url { protocol: null,
20 verbose parsed url   slashes: null,
20 verbose parsed url   auth: null,
20 verbose parsed url   host: null,
20 verbose parsed url   port: null,
20 verbose parsed url   hostname: null,
20 verbose parsed url   hash: null,
20 verbose parsed url   search: null,
20 verbose parsed url   query: null,
20 verbose parsed url   pathname: 'express@~4.7.2',
20 verbose parsed url   path: 'express@~4.7.2',
20 verbose parsed url   href: 'express@~4.7.2' }
21 verbose cache add name="morgan" spec="~1.2.2" args=["morgan","~1.2.2"]
22 verbose parsed url { protocol: null,
22 verbose parsed url   slashes: null,
22 verbose parsed url   auth: null,
22 verbose parsed url   host: null,
22 verbose parsed url   port: null,
22 verbose parsed url   hostname: null,
22 verbose parsed url   hash: null,
22 verbose parsed url   search: null,
22 verbose parsed url   query: null,
22 verbose parsed url   pathname: '~1.2.2',
22 verbose parsed url   path: '~1.2.2',
22 verbose parsed url   href: '~1.2.2' }
23 verbose addNamed [ 'morgan', '~1.2.2' ]
24 verbose addNamed [ null, '>=1.2.2-0 <1.3.0-0' ]
25 verbose cache add name="body-parser" spec="~1.5.2" args=["body-parser","~1.5.2"]
26 verbose parsed url { protocol: null,
26 verbose parsed url   slashes: null,
26 verbose parsed url   auth: null,
26 verbose parsed url   host: null,
26 verbose parsed url   port: null,
26 verbose parsed url   hostname: null,
26 verbose parsed url   hash: null,
26 verbose parsed url   search: null,
26 verbose parsed url   query: null,
26 verbose parsed url   pathname: '~1.5.2',
26 verbose parsed url   path: '~1.5.2',
26 verbose parsed url   href: '~1.5.2' }
27 verbose addNamed [ 'body-parser', '~1.5.2' ]
28 verbose addNamed [ null, '>=1.5.2-0 <1.6.0-0' ]
29 verbose cache add name="method-override" spec="~2.1.2" args=["method-override","~2.1.2"]
30 verbose parsed url { protocol: null,
30 verbose parsed url   slashes: null,
30 verbose parsed url   auth: null,
30 verbose parsed url   host: null,
30 verbose parsed url   port: null,
30 verbose parsed url   hostname: null,
30 verbose parsed url   hash: null,
30 verbose parsed url   search: null,
30 verbose parsed url   query: null,
30 verbose parsed url   pathname: '~2.1.2',
30 verbose parsed url   path: '~2.1.2',
30 verbose parsed url   href: '~2.1.2' }
31 verbose addNamed [ 'method-override', '~2.1.2' ]
32 verbose addNamed [ null, '>=2.1.2-0 <2.2.0-0' ]
33 verbose cache add name="express" spec="~4.7.2" args=["express","~4.7.2"]
34 verbose parsed url { protocol: null,
34 verbose parsed url   slashes: null,
34 verbose parsed url   auth: null,
34 verbose parsed url   host: null,
34 verbose parsed url   port: null,
34 verbose parsed url   hostname: null,
34 verbose parsed url   hash: null,
34 verbose parsed url   search: null,
34 verbose parsed url   query: null,
34 verbose parsed url   pathname: '~4.7.2',
34 verbose parsed url   path: '~4.7.2',
34 verbose parsed url   href: '~4.7.2' }
35 verbose addNamed [ 'express', '~4.7.2' ]
36 verbose addNamed [ null, '>=4.7.2-0 <4.8.0-0' ]
37 silly lockFile 8a9f8c6a-morgan-1-2-2 morgan@~1.2.2
38 verbose lock morgan@~1.2.2 /home/anita/.npm/8a9f8c6a-morgan-1-2-2.lock
39 silly lockFile c3717280-body-parser-1-5-2 body-parser@~1.5.2
40 verbose lock body-parser@~1.5.2 /home/anita/.npm/c3717280-body-parser-1-5-2.lock
41 silly lockFile fa7a4300-method-override-2-1-2 method-override@~2.1.2
42 verbose lock method-override@~2.1.2 /home/anita/.npm/fa7a4300-method-override-2-1-2.lock
43 silly lockFile ef4e1f61-express-4-7-2 express@~4.7.2
44 verbose lock express@~4.7.2 /home/anita/.npm/ef4e1f61-express-4-7-2.lock
45 silly addNameRange { name: 'morgan', range: '>=1.2.2-0 <1.3.0-0', hasData: false }
46 silly addNameRange { name: 'body-parser',
46 silly addNameRange   range: '>=1.5.2-0 <1.6.0-0',
46 silly addNameRange   hasData: false }
47 silly addNameRange { name: 'method-override',
47 silly addNameRange   range: '>=2.1.2-0 <2.2.0-0',
47 silly addNameRange   hasData: false }
48 silly addNameRange { name: 'express', range: '>=4.7.2-0 <4.8.0-0', hasData: false }
49 verbose request where is /morgan
50 verbose request registry https://registry.npmjs.org/
51 verbose request id 335a944d065d6c58
52 verbose url raw /morgan
53 verbose url resolving [ 'https://registry.npmjs.org/', './morgan' ]
54 verbose url resolved https://registry.npmjs.org/morgan
55 verbose request where is https://registry.npmjs.org/morgan
56 info trying registry request attempt 1 at 16:49:35
57 http GET https://registry.npmjs.org/morgan
58 verbose request where is /body-parser
59 verbose request registry https://registry.npmjs.org/
60 verbose url raw /body-parser
61 verbose url resolving [ 'https://registry.npmjs.org/', './body-parser' ]
62 verbose url resolved https://registry.npmjs.org/body-parser
63 verbose request where is https://registry.npmjs.org/body-parser
64 info trying registry request attempt 1 at 16:49:35
65 http GET https://registry.npmjs.org/body-parser
66 verbose request where is /method-override
67 verbose request registry https://registry.npmjs.org/
68 verbose url raw /method-override
69 verbose url resolving [ 'https://registry.npmjs.org/', './method-override' ]
70 verbose url resolved https://registry.npmjs.org/method-override
71 verbose request where is https://registry.npmjs.org/method-override
72 info trying registry request attempt 1 at 16:49:35
73 http GET https://registry.npmjs.org/method-override
74 verbose request where is /express
75 verbose request registry https://registry.npmjs.org/
76 verbose url raw /express
77 verbose url resolving [ 'https://registry.npmjs.org/', './express' ]
78 verbose url resolved https://registry.npmjs.org/express
79 verbose request where is https://registry.npmjs.org/express
80 info trying registry request attempt 1 at 16:49:35
81 verbose etag "ACOALUFM8O4YE8JHERD26FZ2W"
82 http GET https://registry.npmjs.org/express
83 http 200 https://registry.npmjs.org/morgan
84 silly registry.get cb [ 200,
84 silly registry.get   { server: 'CouchDB/1.5.0 (Erlang OTP/R16B03)',
84 silly registry.get     etag: '"2088EMFN6LNKIP50H45I12MN6"',
84 silly registry.get     'content-type': 'application/json',
84 silly registry.get     'cache-control': 'max-age=60',
84 silly registry.get     'content-length': '41756',
84 silly registry.get     'accept-ranges': 'bytes',
84 silly registry.get     date: 'Fri, 17 Jul 2015 11:19:36 GMT',
84 silly registry.get     via: '1.1 varnish',
84 silly registry.get     age: '29',
84 silly registry.get     connection: 'keep-alive',
84 silly registry.get     'x-served-by': 'cache-sin6927-SIN',
84 silly registry.get     'x-cache': 'HIT',
84 silly registry.get     'x-cache-hits': '2',
84 silly registry.get     'x-timer': 'S1437131976.777844,VS0,VE0',
84 silly registry.get     vary: 'Accept' } ]
85 silly addNameRange number 2 { name: 'morgan', range: '>=1.2.2-0 <1.3.0-0', hasData: true }
86 silly addNameRange versions [ 'morgan',
86 silly addNameRange   [ '1.0.0',
86 silly addNameRange     '1.0.1',
86 silly addNameRange     '1.1.0',
86 silly addNameRange     '1.1.1',
86 silly addNameRange     '1.2.0',
86 silly addNameRange     '1.2.1',
86 silly addNameRange     '1.2.2',
86 silly addNameRange     '1.2.3',
86 silly addNameRange     '1.3.0',
86 silly addNameRange     '1.3.1',
86 silly addNameRange     '1.3.2',
86 silly addNameRange     '1.4.0',
86 silly addNameRange     '1.4.1',
86 silly addNameRange     '1.5.0',
86 silly addNameRange     '1.5.1',
86 silly addNameRange     '1.5.2',
86 silly addNameRange     '1.5.3',
86 silly addNameRange     '1.6.0',
86 silly addNameRange     '1.6.1' ] ]
87 verbose addNamed [ 'morgan', '1.2.3' ]
88 verbose addNamed [ '1.2.3', '1.2.3' ]
89 silly lockFile 26ac1655-morgan-1-2-3 morgan@1.2.3
90 verbose lock morgan@1.2.3 /home/anita/.npm/26ac1655-morgan-1-2-3.lock
91 silly lockFile 02cdd02f-pmjs-org-morgan-morgan-1-2-3-tgz https://registry.npmjs.org/morgan/-/morgan-1.2.3.tgz
92 verbose lock https://registry.npmjs.org/morgan/-/morgan-1.2.3.tgz /home/anita/.npm/02cdd02f-pmjs-org-morgan-morgan-1-2-3-tgz.lock
93 verbose addRemoteTarball [ 'https://registry.npmjs.org/morgan/-/morgan-1.2.3.tgz',
93 verbose addRemoteTarball   '3b0f1704df90255a542591abacd797891a8c40a1' ]
94 info retry fetch attempt 1 at 16:49:38
95 verbose fetch to= /tmp/npm-5760-n9FtgNr9/registry.npmjs.org/morgan/-/morgan-1.2.3.tgz
96 http GET https://registry.npmjs.org/morgan/-/morgan-1.2.3.tgz
97 http 200 https://registry.npmjs.org/method-override
98 silly registry.get cb [ 200,
98 silly registry.get   { server: 'CouchDB/1.5.0 (Erlang OTP/R16B03)',
98 silly registry.get     etag: '"NIP0D9XKXLGKJDKN8Q3062PO"',
98 silly registry.get     'content-type': 'application/json',
98 silly registry.get     'cache-control': 'max-age=60',
98 silly registry.get     'content-length': '33868',
98 silly registry.get     'accept-ranges': 'bytes',
98 silly registry.get     date: 'Fri, 17 Jul 2015 11:19:36 GMT',
98 silly registry.get     via: '1.1 varnish',
98 silly registry.get     age: '30',
98 silly registry.get     connection: 'keep-alive',
98 silly registry.get     'x-served-by': 'cache-sin6924-SIN',
98 silly registry.get     'x-cache': 'HIT',
98 silly registry.get     'x-cache-hits': '2',
98 silly registry.get     'x-timer': 'S1437131976.782926,VS0,VE0',
98 silly registry.get     vary: 'Accept' } ]
99 silly addNameRange number 2 { name: 'method-override',
99 silly addNameRange   range: '>=2.1.2-0 <2.2.0-0',
99 silly addNameRange   hasData: true }
100 silly addNameRange versions [ 'method-override',
100 silly addNameRange   [ '1.0.0',
100 silly addNameRange     '1.0.1',
100 silly addNameRange     '1.0.2',
100 silly addNameRange     '2.0.0',
100 silly addNameRange     '2.0.1',
100 silly addNameRange     '2.0.2',
100 silly addNameRange     '2.1.0',
100 silly addNameRange     '2.1.1',
100 silly addNameRange     '2.1.2',
100 silly addNameRange     '2.1.3',
100 silly addNameRange     '2.2.0',
100 silly addNameRange     '2.3.0',
100 silly addNameRange     '2.3.1',
100 silly addNameRange     '2.3.2',
100 silly addNameRange     '2.3.3',
100 silly addNameRange     '2.3.4' ] ]
101 verbose addNamed [ 'method-override', '2.1.3' ]
102 verbose addNamed [ '2.1.3', '2.1.3' ]
103 silly lockFile b4e26855-method-override-2-1-3 method-override@2.1.3
104 verbose lock method-override@2.1.3 /home/anita/.npm/b4e26855-method-override-2-1-3.lock
105 silly lockFile 80617f34-erride-method-override-2-1-3-tgz https://registry.npmjs.org/method-override/-/method-override-2.1.3.tgz
106 verbose lock https://registry.npmjs.org/method-override/-/method-override-2.1.3.tgz /home/anita/.npm/80617f34-erride-method-override-2-1-3-tgz.lock
107 verbose addRemoteTarball [ 'https://registry.npmjs.org/method-override/-/method-override-2.1.3.tgz',
107 verbose addRemoteTarball   '511f41c4fb1dccdb6ab1844da5dc6ea81b7c1135' ]
108 info retry fetch attempt 1 at 16:49:38
109 verbose fetch to= /tmp/npm-5760-n9FtgNr9/registry.npmjs.org/method-override/-/method-override-2.1.3.tgz
110 http GET https://registry.npmjs.org/method-override/-/method-override-2.1.3.tgz
111 http 200 https://registry.npmjs.org/body-parser
112 silly registry.get cb [ 200,
112 silly registry.get   { server: 'CouchDB/1.5.0 (Erlang OTP/R16B03)',
112 silly registry.get     etag: '"2FF12G0LHJ85LGMPQYHKNJJH9"',
112 silly registry.get     'content-type': 'application/json',
112 silly registry.get     'cache-control': 'max-age=60',
112 silly registry.get     'content-length': '103800',
112 silly registry.get     'accept-ranges': 'bytes',
112 silly registry.get     date: 'Fri, 17 Jul 2015 11:19:36 GMT',
112 silly registry.get     via: '1.1 varnish',
112 silly registry.get     age: '27',
112 silly registry.get     connection: 'keep-alive',
112 silly registry.get     'x-served-by': 'cache-sin6924-SIN',
112 silly registry.get     'x-cache': 'HIT',
112 silly registry.get     'x-cache-hits': '2',
112 silly registry.get     'x-timer': 'S1437131976.799283,VS0,VE0',
112 silly registry.get     vary: 'Accept' } ]
113 silly addNameRange number 2 { name: 'body-parser',
113 silly addNameRange   range: '>=1.5.2-0 <1.6.0-0',
113 silly addNameRange   hasData: true }
114 silly addNameRange versions [ 'body-parser',
114 silly addNameRange   [ '1.0.0',
114 silly addNameRange     '1.0.1',
114 silly addNameRange     '1.0.2',
114 silly addNameRange     '1.1.0',
114 silly addNameRange     '1.1.1',
114 silly addNameRange     '1.1.2',
114 silly addNameRange     '1.2.0',
114 silly addNameRange     '1.2.1',
114 silly addNameRange     '1.2.2',
114 silly addNameRange     '1.3.0',
114 silly addNameRange     '1.3.1',
114 silly addNameRange     '1.4.0',
114 silly addNameRange     '1.4.1',
114 silly addNameRange     '1.4.2',
114 silly addNameRange     '1.4.3',
114 silly addNameRange     '1.5.0',
114 silly addNameRange     '1.5.1',
114 silly addNameRange     '1.5.2',
114 silly addNameRange     '1.6.0',
114 silly addNameRange     '1.6.1',
114 silly addNameRange     '1.6.2',
114 silly addNameRange     '1.6.3',
114 silly addNameRange     '1.6.4',
114 silly addNameRange     '1.6.5',
114 silly addNameRange     '1.6.6',
114 silly addNameRange     '1.6.7',
114 silly addNameRange     '1.7.0',
114 silly addNameRange     '1.8.0',
114 silly addNameRange     '1.8.1',
114 silly addNameRange     '1.8.2',
114 silly addNameRange     '1.8.3',
114 silly addNameRange     '1.8.4',
114 silly addNameRange     '1.9.0',
114 silly addNameRange     '1.9.1',
114 silly addNameRange     '1.9.2',
114 silly addNameRange     '1.9.3',
114 silly addNameRange     '1.10.0',
114 silly addNameRange     '1.10.1',
114 silly addNameRange     '1.10.2',
114 silly addNameRange     '1.11.0',
114 silly addNameRange     '1.12.0',
114 silly addNameRange     '1.12.1',
114 silly addNameRange     '1.12.2',
114 silly addNameRange     '1.12.3',
114 silly addNameRange     '1.12.4',
114 silly addNameRange     '1.13.0',
114 silly addNameRange     '1.13.1',
114 silly addNameRange     '1.13.2' ] ]
115 verbose addNamed [ 'body-parser', '1.5.2' ]
116 verbose addNamed [ '1.5.2', '1.5.2' ]
117 silly lockFile 5f60d091-body-parser-1-5-2 body-parser@1.5.2
118 verbose lock body-parser@1.5.2 /home/anita/.npm/5f60d091-body-parser-1-5-2.lock
119 silly lockFile bf869266-ody-parser-body-parser-1-5-2-tgz https://registry.npmjs.org/body-parser/-/body-parser-1.5.2.tgz
120 verbose lock https://registry.npmjs.org/body-parser/-/body-parser-1.5.2.tgz /home/anita/.npm/bf869266-ody-parser-body-parser-1-5-2-tgz.lock
121 verbose addRemoteTarball [ 'https://registry.npmjs.org/body-parser/-/body-parser-1.5.2.tgz',
121 verbose addRemoteTarball   'beebacac741b83f62c9137d5685196e1a44304ab' ]
122 info retry fetch attempt 1 at 16:49:38
123 verbose fetch to= /tmp/npm-5760-n9FtgNr9/registry.npmjs.org/body-parser/-/body-parser-1.5.2.tgz
124 http GET https://registry.npmjs.org/body-parser/-/body-parser-1.5.2.tgz
125 http 200 https://registry.npmjs.org/morgan/-/morgan-1.2.3.tgz
126 silly lockFile 02cdd02f-pmjs-org-morgan-morgan-1-2-3-tgz https://registry.npmjs.org/morgan/-/morgan-1.2.3.tgz
127 silly lockFile 02cdd02f-pmjs-org-morgan-morgan-1-2-3-tgz https://registry.npmjs.org/morgan/-/morgan-1.2.3.tgz
128 silly lockFile 26ac1655-morgan-1-2-3 morgan@1.2.3
129 silly lockFile 26ac1655-morgan-1-2-3 morgan@1.2.3
130 silly lockFile 8a9f8c6a-morgan-1-2-2 morgan@~1.2.2
131 silly lockFile 8a9f8c6a-morgan-1-2-2 morgan@~1.2.2
132 http 200 https://registry.npmjs.org/method-override/-/method-override-2.1.3.tgz
133 silly lockFile 80617f34-erride-method-override-2-1-3-tgz https://registry.npmjs.org/method-override/-/method-override-2.1.3.tgz
134 silly lockFile 80617f34-erride-method-override-2-1-3-tgz https://registry.npmjs.org/method-override/-/method-override-2.1.3.tgz
135 silly lockFile b4e26855-method-override-2-1-3 method-override@2.1.3
136 silly lockFile b4e26855-method-override-2-1-3 method-override@2.1.3
137 silly lockFile fa7a4300-method-override-2-1-2 method-override@~2.1.2
138 silly lockFile fa7a4300-method-override-2-1-2 method-override@~2.1.2
139 http 200 https://registry.npmjs.org/body-parser/-/body-parser-1.5.2.tgz
140 silly lockFile bf869266-ody-parser-body-parser-1-5-2-tgz https://registry.npmjs.org/body-parser/-/body-parser-1.5.2.tgz
141 silly lockFile bf869266-ody-parser-body-parser-1-5-2-tgz https://registry.npmjs.org/body-parser/-/body-parser-1.5.2.tgz
142 silly lockFile 5f60d091-body-parser-1-5-2 body-parser@1.5.2
143 silly lockFile 5f60d091-body-parser-1-5-2 body-parser@1.5.2
144 silly lockFile c3717280-body-parser-1-5-2 body-parser@~1.5.2
145 silly lockFile c3717280-body-parser-1-5-2 body-parser@~1.5.2
146 http 200 https://registry.npmjs.org/express
147 silly registry.get cb [ 200,
147 silly registry.get   { server: 'CouchDB/1.5.0 (Erlang OTP/R16B03)',
147 silly registry.get     etag: '"2O40F3005T6WIV04K73QO68AI"',
147 silly registry.get     'content-type': 'application/json',
147 silly registry.get     'cache-control': 'max-age=60',
147 silly registry.get     'content-length': '515725',
147 silly registry.get     'accept-ranges': 'bytes',
147 silly registry.get     date: 'Fri, 17 Jul 2015 11:19:36 GMT',
147 silly registry.get     via: '1.1 varnish',
147 silly registry.get     age: '22',
147 silly registry.get     connection: 'keep-alive',
147 silly registry.get     'x-served-by': 'cache-sin6924-SIN',
147 silly registry.get     'x-cache': 'HIT',
147 silly registry.get     'x-cache-hits': '1',
147 silly registry.get     'x-timer': 'S1437131976.832319,VS0,VE2',
147 silly registry.get     vary: 'Accept' } ]
148 silly addNameRange number 2 { name: 'express', range: '>=4.7.2-0 <4.8.0-0', hasData: true }
149 silly addNameRange versions [ 'express',
149 silly addNameRange   [ '0.14.0',
149 silly addNameRange     '0.14.1',
149 silly addNameRange     '1.0.0',
149 silly addNameRange     '1.0.1',
149 silly addNameRange     '1.0.2',
149 silly addNameRange     '1.0.3',
149 silly addNameRange     '1.0.4',
149 silly addNameRange     '1.0.5',
149 silly addNameRange     '1.0.6',
149 silly addNameRange     '1.0.7',
149 silly addNameRange     '1.0.8',
149 silly addNameRange     '2.0.0',
149 silly addNameRange     '2.1.0',
149 silly addNameRange     '2.1.1',
149 silly addNameRange     '2.2.0',
149 silly addNameRange     '2.2.1',
149 silly addNameRange     '2.2.2',
149 silly addNameRange     '2.3.0',
149 silly addNameRange     '2.3.1',
149 silly addNameRange     '2.3.2',
149 silly addNameRange     '2.3.3',
149 silly addNameRange     '2.3.4',
149 silly addNameRange     '2.3.5',
149 silly addNameRange     '2.3.6',
149 silly addNameRange     '2.3.7',
149 silly addNameRange     '2.3.8',
149 silly addNameRange     '2.3.9',
149 silly addNameRange     '2.3.10',
149 silly addNameRange     '2.3.11',
149 silly addNameRange     '2.3.12',
149 silly addNameRange     '2.4.0',
149 silly addNameRange     '2.4.1',
149 silly addNameRange     '2.4.2',
149 silly addNameRange     '2.4.3',
149 silly addNameRange     '2.4.4',
149 silly addNameRange     '2.4.5',
149 silly addNameRange     '2.4.6',
149 silly addNameRange     '2.4.7',
149 silly addNameRange     '2.5.0',
149 silly addNameRange     '2.5.1',
149 silly addNameRange     '2.5.2',
149 silly addNameRange     '2.5.3',
149 silly addNameRange     '2.5.4',
149 silly addNameRange     '2.5.5',
149 silly addNameRange     '2.5.6',
149 silly addNameRange     '2.5.7',
149 silly addNameRange     '2.5.8',
149 silly addNameRange     '2.5.9',
149 silly addNameRange     '2.5.10',
149 silly addNameRange     '2.5.11',
149 silly addNameRange     '3.0.0',
149 silly addNameRange     '3.0.1',
149 silly addNameRange     '3.0.2',
149 silly addNameRange     '3.0.3',
149 silly addNameRange     '3.0.4',
149 silly addNameRange     '3.0.5',
149 silly addNameRange     '3.0.6',
149 silly addNameRange     '3.1.0',
149 silly addNameRange     '3.1.1',
149 silly addNameRange     '3.1.2',
149 silly addNameRange     '3.2.0',
149 silly addNameRange     '3.2.1',
149 silly addNameRange     '3.2.2',
149 silly addNameRange     '3.2.3',
149 silly addNameRange     '3.2.4',
149 silly addNameRange     '3.2.5',
149 silly addNameRange     '3.2.6',
149 silly addNameRange     '3.3.0',
149 silly addNameRange     '3.3.1',
149 silly addNameRange     '3.3.2',
149 silly addNameRange     '3.3.3',
149 silly addNameRange     '3.3.4',
149 silly addNameRange     '3.3.5',
149 silly addNameRange     '3.3.6',
149 silly addNameRange     '1.0.0-beta',
149 silly addNameRange     '1.0.0-beta2',
149 silly addNameRange     '1.0.0-rc',
149 silly addNameRange     '1.0.0-rc2',
149 silly addNameRange     '1.0.0-rc3',
149 silly addNameRange     '1.0.0-rc4',
149 silly addNameRange     '2.0.0-beta',
149 silly addNameRange     '2.0.0-beta2',
149 silly addNameRange     '2.0.0-beta3',
149 silly addNameRange     '2.0.0-rc',
149 silly addNameRange     '2.0.0-rc2',
149 silly addNameRange     '2.0.0-rc3',
149 silly addNameRange     '3.0.0-alpha1',
149 silly addNameRange     '3.0.0-alpha2',
149 silly addNameRange     '3.0.0-alpha3',
149 silly addNameRange     '3.0.0-alpha4',
149 silly addNameRange     '3.0.0-alpha5',
149 silly addNameRange     '3.0.0-beta1',
149 silly addNameRange     '3.0.0-beta2',
149 silly addNameRange     '3.0.0-beta3',
149 silly addNameRange     '3.0.0-beta4',
149 silly addNameRange     '3.0.0-beta6',
149 silly addNameRange     '3.0.0-beta7',
149 silly addNameRange     '3.0.0-rc1',
149 silly addNameRange     '3.0.0-rc2',
149 silly addNameRange     '3.0.0-rc3',
149 silly addNameRange     '3.0.0-rc4',
149 silly addNameRange     '3.0.0-rc5',
149 silly addNameRange     '3.3.7',
149 silly addNameRange     '3.3.8',
149 silly addNameRange     '3.4.0',
149 silly addNameRange     '3.4.1',
149 silly addNameRange     '3.4.2',
149 silly addNameRange     '3.4.3',
149 silly addNameRange     '3.4.4',
149 silly addNameRange     '3.4.5',
149 silly addNameRange     '3.4.6',
149 silly addNameRange     '3.4.7',
149 silly addNameRange     '3.4.8',
149 silly addNameRange     '4.0.0-rc1',
149 silly addNameRange     '4.0.0-rc2',
149 silly addNameRange     '3.5.0',
149 silly addNameRange     '4.0.0-rc3',
149 silly addNameRange     '4.0.0-rc4',
149 silly addNameRange     '3.5.1',
149 silly addNameRange     '4.0.0',
149 silly addNameRange     '3.5.2',
149 silly addNameRange     '4.1.0',
149 silly addNameRange     '4.1.1',
149 silly addNameRange     '3.5.3',
149 silly addNameRange     '4.1.2',
149 silly addNameRange     '3.6.0',
149 silly addNameRange     '4.2.0',
149 silly addNameRange     '3.7.0',
149 silly addNameRange     '3.8.0',
149 silly addNameRange     '4.3.0',
149 silly addNameRange     '4.3.1',
149 silly addNameRange     '3.8.1',
149 silly addNameRange     '4.3.2',
149 silly addNameRange     '3.9.0',
149 silly addNameRange     '4.4.0',
149 silly addNameRange     '4.4.1',
149 silly addNameRange     '3.10.0',
149 silly addNameRange     '3.10.1',
149 silly addNameRange     '3.10.2',
149 silly addNameRange     '3.10.3',
149 silly addNameRange     '3.10.4',
149 silly addNameRange     '4.4.2',
149 silly addNameRange     '3.10.5',
149 silly addNameRange     '4.4.3',
149 silly addNameRange     '3.11.0',
149 silly addNameRange     '4.4.4',
149 silly addNameRange     '3.12.0',
149 silly addNameRange     '3.12.1',
149 silly addNameRange     '4.4.5',
149 silly addNameRange     '3.13.0',
149 silly addNameRange     '4.5.0',
149 silly addNameRange     '4.5.1',
149 silly addNameRange     '3.14.0',
149 silly addNameRange     '4.6.0',
149 silly addNameRange     '4.6.1',
149 silly addNameRange     '3.15.0',
149 silly addNameRange     '4.7.0',
149 silly addNameRange     '3.15.1',
149 silly addNameRange     '4.7.1',
149 silly addNameRange     '3.15.2',
149 silly addNameRange     '4.7.2',
149 silly addNameRange     '4.7.3',
149 silly addNameRange     '3.15.3',
149 silly addNameRange     '4.7.4',
149 silly addNameRange     '3.16.0',
149 silly addNameRange     '4.8.0',
149 silly addNameRange     '3.16.1',
149 silly addNameRange     '4.8.1',
149 silly addNameRange     '3.16.2',
149 silly addNameRange     '4.8.2',
149 silly addNameRange     '3.16.3',
149 silly addNameRange     '3.16.4',
149 silly addNameRange     '4.8.3',
149 silly addNameRange     '3.16.5',
149 silly addNameRange     '3.16.6',
149 silly addNameRange     '4.8.4',
149 silly addNameRange     '3.16.7',
149 silly addNameRange     '4.8.5',
149 silly addNameRange     '3.16.8',
149 silly addNameRange     '4.8.6',
149 silly addNameRange     '3.16.9',
149 silly addNameRange     '4.8.7',
149 silly addNameRange     '3.16.10',
149 silly addNameRange     '4.8.8',
149 silly addNameRange     '3.17.0',
149 silly addNameRange     '3.17.1',
149 silly addNameRange     '4.9.0',
149 silly addNameRange     '3.17.2',
149 silly addNameRange     '4.9.1',
149 silly addNameRange     '4.9.2',
149 silly addNameRange     '3.17.3',
149 silly addNameRange     '4.9.3',
149 silly addNameRange     '3.17.4',
149 silly addNameRange     '4.9.4',
149 silly addNameRange     '3.17.5',
149 silly addNameRange     '4.9.5',
149 silly addNameRange     '3.17.6',
149 silly addNameRange     '3.17.7',
149 silly addNameRange     '4.9.6',
149 silly addNameRange     '4.9.7',
149 silly addNameRange     '3.17.8',
149 silly addNameRange     '4.9.8',
149 silly addNameRange     '3.18.0',
149 silly addNameRange     '3.18.1',
149 silly addNameRange     '4.10.0',
149 silly addNameRange     '3.18.2',
149 silly addNameRange     '4.10.1',
149 silly addNameRange     '5.0.0-alpha.1',
149 silly addNameRange     '3.18.3',
149 silly addNameRange     '4.10.2',
149 silly addNameRange     '3.18.4',
149 silly addNameRange     '4.10.3',
149 silly addNameRange     '4.10.4',
149 silly addNameRange     '4.10.5',
149 silly addNameRange     '3.18.5',
149 silly addNameRange     '3.18.6',
149 silly addNameRange     '4.10.6',
149 silly addNameRange     '4.10.7',
149 silly addNameRange     '3.19.0',
149 silly addNameRange     '4.10.8',
149 silly addNameRange     '4.11.0',
149 silly addNameRange     '3.19.1',
149 silly addNameRange     '4.11.1',
149 silly addNameRange     '3.19.2',
149 silly addNameRange     '4.11.2',
149 silly addNameRange     '3.20.0',
149 silly addNameRange     '4.12.0',
149 silly addNameRange     '3.20.1',
149 silly addNameRange     '4.12.1',
149 silly addNameRange     '4.12.2',
149 silly addNameRange     '3.20.2',
149 silly addNameRange     '4.12.3',
149 silly addNameRange     '3.20.3',
149 silly addNameRange     '4.12.4',
149 silly addNameRange     '3.21.0',
149 silly addNameRange     '4.13.0',
149 silly addNameRange     '3.21.1',
149 silly addNameRange     '4.13.1',
149 silly addNameRange     '5.0.0-alpha.2' ] ]
150 verbose addNamed [ 'express', '4.7.4' ]
151 verbose addNamed [ '4.7.4', '4.7.4' ]
152 silly lockFile 70e7f37f-express-4-7-4 express@4.7.4
153 verbose lock express@4.7.4 /home/anita/.npm/70e7f37f-express-4-7-4.lock
154 silly lockFile 47db6f59-js-org-express-express-4-7-4-tgz https://registry.npmjs.org/express/-/express-4.7.4.tgz
155 verbose lock https://registry.npmjs.org/express/-/express-4.7.4.tgz /home/anita/.npm/47db6f59-js-org-express-express-4-7-4-tgz.lock
156 verbose addRemoteTarball [ 'https://registry.npmjs.org/express/-/express-4.7.4.tgz',
156 verbose addRemoteTarball   'caf59389cf0b31b1314bf44d3355c2a80cfa217c' ]
157 info retry fetch attempt 1 at 16:49:42
158 verbose fetch to= /tmp/npm-5760-n9FtgNr9/registry.npmjs.org/express/-/express-4.7.4.tgz
159 http GET https://registry.npmjs.org/express/-/express-4.7.4.tgz
160 http 200 https://registry.npmjs.org/express/-/express-4.7.4.tgz
161 silly lockFile 47db6f59-js-org-express-express-4-7-4-tgz https://registry.npmjs.org/express/-/express-4.7.4.tgz
162 silly lockFile 47db6f59-js-org-express-express-4-7-4-tgz https://registry.npmjs.org/express/-/express-4.7.4.tgz
163 silly lockFile 70e7f37f-express-4-7-4 express@4.7.4
164 silly lockFile 70e7f37f-express-4-7-4 express@4.7.4
165 silly lockFile ef4e1f61-express-4-7-2 express@~4.7.2
166 silly lockFile ef4e1f61-express-4-7-2 express@~4.7.2
167 error Error: EACCES, mkdir '/home/anita/.npm/express/4.7.4'
167 error  { [Error: EACCES, mkdir '/home/anita/.npm/express/4.7.4']
167 error   errno: 3,
167 error   code: 'EACCES',
167 error   path: '/home/anita/.npm/express/4.7.4',
167 error   parent: 'Shopping-Cart' }
168 error Please try running this command again as root/Administrator.
169 error System Linux 3.2.0-76-generic
170 error command "/usr/bin/node" "/usr/bin/npm" "install"
171 error cwd /home/anita/personal/gitrepo/ShoppingCart
172 error node -v v0.10.33
173 error npm -v 1.4.28
174 error path /home/anita/.npm/express/4.7.4
175 error code EACCES
176 error errno 3
177 error stack Error: EACCES, mkdir '/home/anita/.npm/express/4.7.4'
178 verbose exit [ 3, true ]
